<?xml version="1.0" encoding="UTF-8"?>
<testng-results ignored="0" total="1" passed="1" failed="0" skipped="0">
  <reporter-output>
  </reporter-output>
  <suite started-at="2020-03-04T00:54:08 IST" name="Default suite" finished-at="2020-03-04T00:54:27 IST" duration-ms="18877">
    <groups>
    </groups>
    <test started-at="2020-03-04T00:54:08 IST" name="Default test" finished-at="2020-03-04T00:54:27 IST" duration-ms="18877">
      <class name="Day_022_Action_class.TC01_Action_single_user_interaction_action">
        <test-method signature="Login_Test()[pri:0, instance:Day_022_Action_class.TC01_Action_single_user_interaction_action@363ee3a2]" started-at="2020-03-04T00:54:08 IST" name="Login_Test" finished-at="2020-03-04T00:54:27 IST" duration-ms="18798" status="PASS">
          <reporter-output>
          </reporter-output>
        </test-method> <!-- Login_Test -->
      </class> <!-- Day_022_Action_class.TC01_Action_single_user_interaction_action -->
    </test> <!-- Default test -->
  </suite> <!-- Default suite -->
</testng-results>
